<?xml version="1.0" encoding="UTF-8"?>
<coverage generated="1709549304287" clover="3.2.0">
  <project timestamp="1709549304288" name="All files">
    <metrics statements="26" coveredstatements="17" conditionals="1" coveredconditionals="0" methods="6" coveredmethods="6" elements="33" coveredelements="23" complexity="0" loc="26" ncloc="26" packages="1" files="1" classes="1"/>
    <file name="users.ts" path="/mnt/c/Users/Admin/Desktop/Andela/backend-brand/backend/src/controllers/users.ts">
      <metrics statements="26" coveredstatements="17" conditionals="1" coveredconditionals="0" methods="6" coveredmethods="6"/>
      <line num="3" count="1" type="stmt"/>
      <line num="5" count="2" type="stmt"/>
      <line num="6" count="2" type="stmt"/>
      <line num="7" count="2" type="stmt"/>
      <line num="9" count="1" type="stmt"/>
      <line num="11" count="1" type="stmt"/>
      <line num="12" count="1" type="stmt"/>
      <line num="16" count="2" type="stmt"/>
      <line num="17" count="2" type="stmt"/>
      <line num="18" count="2" type="stmt"/>
      <line num="20" count="0" type="stmt"/>
      <line num="22" count="0" type="stmt"/>
      <line num="25" count="2" type="stmt"/>
      <line num="26" count="2" type="stmt"/>
      <line num="30" count="2" type="stmt"/>
      <line num="31" count="2" type="stmt"/>
      <line num="32" count="2" type="stmt"/>
      <line num="33" count="0" type="stmt"/>
      <line num="35" count="0" type="cond" truecount="0" falsecount="1"/>
      <line num="36" count="0" type="stmt"/>
      <line num="38" count="0" type="stmt"/>
      <line num="40" count="0" type="stmt"/>
      <line num="41" count="0" type="stmt"/>
      <line num="43" count="0" type="stmt"/>
      <line num="46" count="2" type="stmt"/>
      <line num="47" count="2" type="stmt"/>
    </file>
  </project>
</coverage>
