{"/mnt/c/Users/Admin/Desktop/Andela/backend-brand/backend/src/controllers/users.ts": {"path":"/mnt/c/Users/Admin/Desktop/Andela/backend-brand/backend/src/controllers/users.ts","statementMap":{"0":{"start":{"line":3,"column":0},"end":{"line":3,"column":68}},"1":{"start":{"line":5,"column":27},"end":{"line":14,"column":2}},"2":{"start":{"line":5,"column":81},"end":{"line":14,"column":2}},"3":{"start":{"line":6,"column":4},"end":{"line":13,"column":5}},"4":{"start":{"line":7,"column":22},"end":{"line":7,"column":38}},"5":{"start":{"line":9,"column":8},"end":{"line":9,"column":43}},"6":{"start":{"line":11,"column":8},"end":{"line":11,"column":27}},"7":{"start":{"line":12,"column":8},"end":{"line":12,"column":35}},"8":{"start":{"line":5,"column":13},"end":{"line":5,"column":27}},"9":{"start":{"line":16,"column":23},"end":{"line":36,"column":2}},"10":{"start":{"line":16,"column":77},"end":{"line":36,"column":2}},"11":{"start":{"line":17,"column":4},"end":{"line":35,"column":5}},"12":{"start":{"line":18,"column":27},"end":{"line":18,"column":37}},"13":{"start":{"line":20,"column":8},"end":{"line":22,"column":9}},"14":{"start":{"line":21,"column":12},"end":{"line":21,"column":39}},"15":{"start":{"line":24,"column":21},"end":{"line":24,"column":46}},"16":{"start":{"line":26,"column":8},"end":{"line":28,"column":9}},"17":{"start":{"line":27,"column":12},"end":{"line":27,"column":39}},"18":{"start":{"line":30,"column":8},"end":{"line":30,"column":42}},"19":{"start":{"line":33,"column":8},"end":{"line":33,"column":27}},"20":{"start":{"line":34,"column":8},"end":{"line":34,"column":35}},"21":{"start":{"line":16,"column":13},"end":{"line":16,"column":23}},"22":{"start":{"line":38,"column":26},"end":{"line":50,"column":2}},"23":{"start":{"line":38,"column":80},"end":{"line":50,"column":2}},"24":{"start":{"line":39,"column":4},"end":{"line":49,"column":5}},"25":{"start":{"line":40,"column":27},"end":{"line":40,"column":37}},"26":{"start":{"line":42,"column":28},"end":{"line":42,"column":56}},"27":{"start":{"line":44,"column":8},"end":{"line":44,"column":null}},"28":{"start":{"line":47,"column":8},"end":{"line":47,"column":27}},"29":{"start":{"line":48,"column":8},"end":{"line":48,"column":35}},"30":{"start":{"line":38,"column":13},"end":{"line":38,"column":26}},"31":{"start":{"line":52,"column":26},"end":{"line":71,"column":2}},"32":{"start":{"line":52,"column":80},"end":{"line":71,"column":2}},"33":{"start":{"line":53,"column":4},"end":{"line":70,"column":5}},"34":{"start":{"line":54,"column":27},"end":{"line":54,"column":37}},"35":{"start":{"line":55,"column":29},"end":{"line":55,"column":37}},"36":{"start":{"line":57,"column":8},"end":{"line":59,"column":9}},"37":{"start":{"line":58,"column":12},"end":{"line":58,"column":39}},"38":{"start":{"line":60,"column":21},"end":{"line":60,"column":46}},"39":{"start":{"line":62,"column":8},"end":{"line":62,"column":33}},"40":{"start":{"line":63,"column":8},"end":{"line":63,"column":26}},"41":{"start":{"line":65,"column":8},"end":{"line":65,"column":48}},"42":{"start":{"line":68,"column":8},"end":{"line":68,"column":27}},"43":{"start":{"line":69,"column":8},"end":{"line":69,"column":35}},"44":{"start":{"line":52,"column":13},"end":{"line":52,"column":26}}},"fnMap":{"0":{"name":"(anonymous_7)","decl":{"start":{"line":5,"column":27},"end":{"line":5,"column":34}},"loc":{"start":{"line":5,"column":81},"end":{"line":14,"column":2}}},"1":{"name":"(anonymous_8)","decl":{"start":{"line":5,"column":81},"end":{"line":5,"column":null}},"loc":{"start":{"line":5,"column":81},"end":{"line":14,"column":1}}},"2":{"name":"(anonymous_9)","decl":{"start":{"line":16,"column":23},"end":{"line":16,"column":30}},"loc":{"start":{"line":16,"column":77},"end":{"line":36,"column":2}}},"3":{"name":"(anonymous_10)","decl":{"start":{"line":16,"column":77},"end":{"line":16,"column":null}},"loc":{"start":{"line":16,"column":77},"end":{"line":36,"column":1}}},"4":{"name":"(anonymous_11)","decl":{"start":{"line":38,"column":26},"end":{"line":38,"column":33}},"loc":{"start":{"line":38,"column":80},"end":{"line":50,"column":2}}},"5":{"name":"(anonymous_12)","decl":{"start":{"line":38,"column":80},"end":{"line":38,"column":null}},"loc":{"start":{"line":38,"column":80},"end":{"line":50,"column":1}}},"6":{"name":"(anonymous_13)","decl":{"start":{"line":52,"column":26},"end":{"line":52,"column":33}},"loc":{"start":{"line":52,"column":80},"end":{"line":71,"column":2}}},"7":{"name":"(anonymous_14)","decl":{"start":{"line":52,"column":80},"end":{"line":52,"column":null}},"loc":{"start":{"line":52,"column":80},"end":{"line":71,"column":1}}}},"branchMap":{"0":{"loc":{"start":{"line":20,"column":8},"end":{"line":22,"column":9}},"type":"if","locations":[{"start":{"line":20,"column":8},"end":{"line":22,"column":9}}]},"1":{"loc":{"start":{"line":26,"column":8},"end":{"line":28,"column":9}},"type":"if","locations":[{"start":{"line":26,"column":8},"end":{"line":28,"column":9}}]},"2":{"loc":{"start":{"line":57,"column":8},"end":{"line":59,"column":9}},"type":"if","locations":[{"start":{"line":57,"column":8},"end":{"line":59,"column":9}}]}},"s":{"0":1,"1":1,"2":2,"3":2,"4":2,"5":1,"6":1,"7":1,"8":1,"9":1,"10":0,"11":0,"12":0,"13":0,"14":0,"15":0,"16":0,"17":0,"18":0,"19":0,"20":0,"21":1,"22":1,"23":2,"24":2,"25":2,"26":0,"27":0,"28":2,"29":2,"30":1,"31":1,"32":2,"33":2,"34":2,"35":0,"36":0,"37":0,"38":0,"39":0,"40":0,"41":0,"42":2,"43":2,"44":1},"f":{"0":2,"1":2,"2":0,"3":0,"4":2,"5":2,"6":2,"7":2},"b":{"0":[0],"1":[0],"2":[0]}}
}
