{"/mnt/c/Users/Admin/Desktop/Andela/backend-brand/backend/src/controllers/users.ts": {"path":"/mnt/c/Users/Admin/Desktop/Andela/backend-brand/backend/src/controllers/users.ts","statementMap":{"0":{"start":{"line":3,"column":0},"end":{"line":3,"column":68}},"1":{"start":{"line":5,"column":27},"end":{"line":14,"column":2}},"2":{"start":{"line":5,"column":81},"end":{"line":14,"column":2}},"3":{"start":{"line":6,"column":4},"end":{"line":13,"column":5}},"4":{"start":{"line":7,"column":22},"end":{"line":7,"column":38}},"5":{"start":{"line":9,"column":8},"end":{"line":9,"column":43}},"6":{"start":{"line":11,"column":8},"end":{"line":11,"column":27}},"7":{"start":{"line":12,"column":8},"end":{"line":12,"column":35}},"8":{"start":{"line":5,"column":13},"end":{"line":5,"column":27}},"9":{"start":{"line":16,"column":26},"end":{"line":28,"column":2}},"10":{"start":{"line":16,"column":80},"end":{"line":28,"column":2}},"11":{"start":{"line":17,"column":4},"end":{"line":27,"column":5}},"12":{"start":{"line":18,"column":23},"end":{"line":18,"column":33}},"13":{"start":{"line":20,"column":28},"end":{"line":20,"column":52}},"14":{"start":{"line":22,"column":8},"end":{"line":22,"column":null}},"15":{"start":{"line":25,"column":8},"end":{"line":25,"column":27}},"16":{"start":{"line":26,"column":8},"end":{"line":26,"column":35}},"17":{"start":{"line":16,"column":13},"end":{"line":16,"column":26}},"18":{"start":{"line":30,"column":26},"end":{"line":49,"column":2}},"19":{"start":{"line":30,"column":80},"end":{"line":49,"column":2}},"20":{"start":{"line":31,"column":4},"end":{"line":48,"column":5}},"21":{"start":{"line":32,"column":23},"end":{"line":32,"column":33}},"22":{"start":{"line":33,"column":29},"end":{"line":33,"column":37}},"23":{"start":{"line":35,"column":8},"end":{"line":37,"column":9}},"24":{"start":{"line":36,"column":12},"end":{"line":36,"column":39}},"25":{"start":{"line":38,"column":21},"end":{"line":38,"column":42}},"26":{"start":{"line":40,"column":8},"end":{"line":40,"column":33}},"27":{"start":{"line":41,"column":8},"end":{"line":41,"column":26}},"28":{"start":{"line":43,"column":8},"end":{"line":43,"column":48}},"29":{"start":{"line":46,"column":8},"end":{"line":46,"column":27}},"30":{"start":{"line":47,"column":8},"end":{"line":47,"column":35}},"31":{"start":{"line":30,"column":13},"end":{"line":30,"column":26}}},"fnMap":{"0":{"name":"(anonymous_7)","decl":{"start":{"line":5,"column":27},"end":{"line":5,"column":34}},"loc":{"start":{"line":5,"column":81},"end":{"line":14,"column":2}}},"1":{"name":"(anonymous_8)","decl":{"start":{"line":5,"column":81},"end":{"line":5,"column":null}},"loc":{"start":{"line":5,"column":81},"end":{"line":14,"column":1}}},"2":{"name":"(anonymous_9)","decl":{"start":{"line":16,"column":26},"end":{"line":16,"column":33}},"loc":{"start":{"line":16,"column":80},"end":{"line":28,"column":2}}},"3":{"name":"(anonymous_10)","decl":{"start":{"line":16,"column":80},"end":{"line":16,"column":null}},"loc":{"start":{"line":16,"column":80},"end":{"line":28,"column":1}}},"4":{"name":"(anonymous_11)","decl":{"start":{"line":30,"column":26},"end":{"line":30,"column":33}},"loc":{"start":{"line":30,"column":80},"end":{"line":49,"column":2}}},"5":{"name":"(anonymous_12)","decl":{"start":{"line":30,"column":80},"end":{"line":30,"column":null}},"loc":{"start":{"line":30,"column":80},"end":{"line":49,"column":1}}}},"branchMap":{"0":{"loc":{"start":{"line":35,"column":8},"end":{"line":37,"column":9}},"type":"if","locations":[{"start":{"line":35,"column":8},"end":{"line":37,"column":9}}]}},"s":{"0":1,"1":1,"2":2,"3":2,"4":2,"5":1,"6":1,"7":1,"8":1,"9":1,"10":2,"11":2,"12":2,"13":0,"14":0,"15":2,"16":2,"17":1,"18":1,"19":2,"20":2,"21":2,"22":0,"23":0,"24":0,"25":0,"26":0,"27":0,"28":0,"29":2,"30":2,"31":1},"f":{"0":2,"1":2,"2":2,"3":2,"4":2,"5":2},"b":{"0":[0]}}
}
