TN:
SF:src/controllers/users.ts
FN:5,(anonymous_7)
FN:5,(anonymous_8)
FN:16,(anonymous_9)
FN:16,(anonymous_10)
FN:38,(anonymous_11)
FN:38,(anonymous_12)
FN:52,(anonymous_13)
FN:52,(anonymous_14)
FNF:8
FNH:6
FNDA:2,(anonymous_7)
FNDA:2,(anonymous_8)
FNDA:0,(anonymous_9)
FNDA:0,(anonymous_10)
FNDA:2,(anonymous_11)
FNDA:2,(anonymous_12)
FNDA:2,(anonymous_13)
FNDA:2,(anonymous_14)
DA:3,1
DA:5,2
DA:6,2
DA:7,2
DA:9,1
DA:11,1
DA:12,1
DA:16,1
DA:17,0
DA:18,0
DA:20,0
DA:21,0
DA:24,0
DA:26,0
DA:27,0
DA:30,0
DA:33,0
DA:34,0
DA:38,2
DA:39,2
DA:40,2
DA:42,0
DA:44,0
DA:47,2
DA:48,2
DA:52,2
DA:53,2
DA:54,2
DA:55,0
DA:57,0
DA:58,0
DA:60,0
DA:62,0
DA:63,0
DA:65,0
DA:68,2
DA:69,2
LF:37
LH:18
BRDA:20,0,0,0
BRDA:26,1,0,0
BRDA:57,2,0,0
BRF:3
BRH:0
end_of_record
